{"message":"Listening on 3001!","level":"info"}
{"message":"Listening on 3001!","level":"info"}
{"level":"info","message":"A request was received for endpoint /"}
{"level":"info","message":"A request was received for endpoint /test"}
{"message":"Listening on 3001!","level":"info"}
{"level":"info","message":"A request was received for endpoint /test"}
{"level":"info","message":"A request was received for endpoint /"}
{"message":"Listening on 3001!","level":"info"}
{"level":"info","message":"A request was received for endpoint /"}
{"level":"info","message":"A request was received for endpoint /"}
{"message":"Listening on 3001!","level":"info"}
{"level":"info","message":"A request was received for endpoint /"}
{"level":"info","message":"A request was received for endpoint /"}
{"level":"info","message":"A request was received for endpoint /test"}
{"message":"Listening on 3001!","level":"info"}
{"level":"info","message":"A request was received for endpoint /test"}
{"level":"info","message":"A request was received for endpoint /test"}
{"level":"info","message":"A request was received for endpoint /test"}
{"level":"info","message":"A request was received for endpoint /test"}
{"level":"info","message":"A request was received for endpoint /test"}
{"level":"info","message":"A request was received for endpoint /"}
{"message":"Listening on 3001!","level":"info"}
{"message":"Listening on 3001!","level":"info"}
{"level":"info","message":"A request was received for endpoint /"}
{"level":"info","message":"A request was received for endpoint /"}
{"message":"Listening on 3001!","level":"info"}
{"message":"Listening on 3001!","level":"info"}
{"message":"Listening on 3001!","level":"info"}
{"level":"info","message":"A request was received for endpoint /","dd":{"trace_id":"8847821081464252823","span_id":"7861732079191687863"}}
{"level":"info","message":"A request was received for endpoint /","dd":{"trace_id":"763420902983637996","span_id":"7960420276086548511"}}
{"level":"info","message":"A request was received for endpoint /","dd":{"trace_id":"719868365641306238","span_id":"140348730920741976"}}
{"level":"info","message":"A request was received for endpoint /","dd":{"trace_id":"208919634501818047","span_id":"7702890576967991770"}}
{"message":"Listening on 3001!","level":"info"}
{"message":"Listening on 3001!","level":"info"}
{"level":"info","message":"A request was received for endpoint /test","dd":{"trace_id":"3785380460988539673","span_id":"2940208686222256124"}}
{"level":"info","message":"A request was received for endpoint /","dd":{"trace_id":"8339910702230515245","span_id":"5947786349519778188"}}
{"level":"info","message":"A request was received for endpoint /test","dd":{"trace_id":"8379110394847992215","span_id":"4218644587214787289"}}
{"level":"info","message":"A request was received for endpoint /","dd":{"trace_id":"1134684654652443495","span_id":"5171004764766871679"}}
{"level":"info","message":"A request was received for endpoint /test","dd":{"trace_id":"3432068741916202977","span_id":"6512462731484892955"}}
{"level":"info","message":"A request was received for endpoint /","dd":{"trace_id":"7287333827474188372","span_id":"3611186539614799547"}}
{"level":"info","message":"A request was received for endpoint /test","dd":{"trace_id":"2920755206813474752","span_id":"2570658294779789566"}}
{"level":"info","message":"A request was received for endpoint /","dd":{"trace_id":"44425122655809189","span_id":"4679991977274563540"}}
{"level":"info","message":"A request was received for endpoint /test","dd":{"trace_id":"262586285841778421","span_id":"5431901498731542018"}}
{"level":"info","message":"A request was received for endpoint /","dd":{"trace_id":"3159328214232702162","span_id":"7184832064133501167"}}
{"level":"info","message":"A request was received for endpoint /test","dd":{"trace_id":"7369361172722714400","span_id":"3709955771226117813"}}
{"level":"info","message":"A request was received for endpoint /","dd":{"trace_id":"7057777254417124341","span_id":"4575387044775994374"}}
{"level":"info","message":"A request was received for endpoint /test","dd":{"trace_id":"6581062056609452811","span_id":"3784279326265818024"}}
{"level":"info","message":"A request was received for endpoint /","dd":{"trace_id":"2260943521143848350","span_id":"7669220012584824869"}}
{"level":"info","message":"A request was received for endpoint /test","dd":{"trace_id":"6840119235061583859","span_id":"6955987073549406235"}}
{"level":"info","message":"A request was received for endpoint /","dd":{"trace_id":"6884633551343079440","span_id":"3541572731827347697"}}
{"level":"info","message":"A request was received for endpoint /test","dd":{"trace_id":"5202786031074183178","span_id":"9073101646190122226"}}
{"level":"info","message":"A request was received for endpoint /","dd":{"trace_id":"3391514246099148864","span_id":"2333254882786677216"}}
{"level":"info","message":"A request was received for endpoint /test","dd":{"trace_id":"3417070632160978627","span_id":"5642325578914000300"}}
{"level":"info","message":"A request was received for endpoint /","dd":{"trace_id":"5844632915910750468","span_id":"7186160292379247375"}}
{"level":"info","message":"A request was received for endpoint /test","dd":{"trace_id":"5641405313865499153","span_id":"4166504309200262335"}}
{"level":"info","message":"A request was received for endpoint /","dd":{"trace_id":"1007138028531066969","span_id":"4005297106923110323"}}
{"level":"info","message":"A request was received for endpoint /test","dd":{"trace_id":"8103315735987964036","span_id":"1166044978300621181"}}
{"level":"info","message":"A request was received for endpoint /","dd":{"trace_id":"4845234280381550018","span_id":"7385061520109852001"}}
{"level":"info","message":"A request was received for endpoint /test","dd":{"trace_id":"3483678385772416558","span_id":"6036561756127826570"}}
{"level":"info","message":"A request was received for endpoint /","dd":{"trace_id":"5164829998365043109","span_id":"2731290138195803257"}}
{"message":"Listening on 3001!","level":"info"}
{"level":"info","message":"A request was received for endpoint /","dd":{"trace_id":"8032441398373608662","span_id":"1731746124796049754"}}
{"level":"info","message":"A request was received for endpoint /test","dd":{"trace_id":"1646808183236178355","span_id":"710069828082170835"}}
{"level":"info","message":"A request was received for endpoint /","dd":{"trace_id":"2993884357609841849","span_id":"2004858374070944615"}}
{"level":"info","message":"A request was received for endpoint /test","dd":{"trace_id":"3797410281106679296","span_id":"2979234907563675548"}}
{"level":"info","message":"A request was received for endpoint /","dd":{"trace_id":"1054186456968773743","span_id":"4893868954041602067"}}
{"level":"info","message":"A request was received for endpoint /test","dd":{"trace_id":"7023540395666803973","span_id":"5559139564392792855"}}
{"level":"info","message":"A request was received for endpoint /","dd":{"trace_id":"1319693027511217182","span_id":"7413979980834278984"}}
{"level":"info","message":"A request was received for endpoint /test","dd":{"trace_id":"5317876100232301090","span_id":"6734249078571914604"}}
{"level":"info","message":"A request was received for endpoint /","dd":{"trace_id":"2429247299176863215","span_id":"6603828812766585615"}}
{"level":"info","message":"A request was received for endpoint /test","dd":{"trace_id":"6615268419103629206","span_id":"2871728505445478680"}}
{"message":"Listening on 3001!","level":"info"}
{"level":"info","message":"A request was received for endpoint /","dd":{"trace_id":"2298506425199898039","span_id":"3856481357997335457"}}
{"level":"info","message":"A request was received for endpoint /test","dd":{"trace_id":"4301769331450841869","span_id":"102233491504540552"}}
{"level":"info","message":"A request was received for endpoint /","dd":{"trace_id":"5197624571419402823","span_id":"3596896953117991206"}}
{"level":"info","message":"A request was received for endpoint /test","dd":{"trace_id":"4543711251214980560","span_id":"3841654864103330223"}}
{"level":"info","message":"A request was received for endpoint /","dd":{"trace_id":"8766254624470133661","span_id":"3606755531907323138"}}
{"level":"info","message":"A request was received for endpoint /test","dd":{"trace_id":"2514408330269200659","span_id":"3260287628262451285"}}
{"level":"info","message":"A request was received for endpoint /","dd":{"trace_id":"6681874865457267056","span_id":"5169608724202848385"}}
{"level":"info","message":"A request was received for endpoint /test","dd":{"trace_id":"7585101828716142865","span_id":"5184774011084270964"}}
{"message":"Listening on 3001!","level":"info"}
{"level":"info","message":"A request was received for endpoint /","dd":{"trace_id":"6210582368703499097","span_id":"5727315816302255585"}}
{"level":"info","message":"A request was received for endpoint /test","dd":{"trace_id":"86543985349420506","span_id":"1950163125417094696"}}
{"level":"info","message":"A request was received for endpoint /","dd":{"trace_id":"1319855281914022745","span_id":"6915875680089793835"}}
{"level":"info","message":"A request was received for endpoint /test","dd":{"trace_id":"6458884247682967113","span_id":"8083934193575574714"}}
{"level":"info","message":"A request was received for endpoint /","dd":{"trace_id":"787832944034897995","span_id":"3568623909175157175"}}
{"level":"info","message":"A request was received for endpoint /test","dd":{"trace_id":"6597627919738560039","span_id":"6621411948378651042"}}
{"level":"info","message":"A request was received for endpoint /","dd":{"trace_id":"3991083679134727850","span_id":"4066644691314520747"}}
{"level":"info","message":"A request was received for endpoint /test","dd":{"trace_id":"148609506243546282","span_id":"5578904477013634231"}}
{"level":"info","message":"A request was received for endpoint /","dd":{"trace_id":"2562253881870274923","span_id":"8152806784320653267"}}
{"level":"info","message":"A request was received for endpoint /test","dd":{"trace_id":"2118480191113132834","span_id":"4348878964400868230"}}
{"level":"info","message":"A request was received for endpoint /","dd":{"trace_id":"6391051112554074277","span_id":"3656817747758540091"}}
{"level":"info","message":"A request was received for endpoint /test","dd":{"trace_id":"5687799107772222356","span_id":"6770796936541874037"}}
{"level":"info","message":"A request was received for endpoint /","dd":{"trace_id":"303127812146680078","span_id":"2973466384016562227"}}
{"level":"info","message":"A request was received for endpoint /test","dd":{"trace_id":"5646858529712578855","span_id":"540382756324712823"}}
{"level":"info","message":"A request was received for endpoint /","dd":{"trace_id":"1769077706132178065","span_id":"7711755049361994158"}}
{"level":"info","message":"A request was received for endpoint /test","dd":{"trace_id":"304113299127300685","span_id":"253968811859729744"}}
{"level":"info","message":"A request was received for endpoint /","dd":{"trace_id":"5660426598563748199","span_id":"2543604694599199750"}}
{"level":"info","message":"A request was received for endpoint /test","dd":{"trace_id":"7399916627616539351","span_id":"7825266490453762153"}}
{"level":"info","message":"A request was received for endpoint /","dd":{"trace_id":"151293507241608069","span_id":"3227339871101828751"}}
{"level":"info","message":"A request was received for endpoint /test","dd":{"trace_id":"6161158516495825384","span_id":"5707124402628848441"}}
{"level":"info","message":"A request was received for endpoint /","dd":{"trace_id":"2496015627531060365","span_id":"6204858237974217963"}}
{"level":"info","message":"A request was received for endpoint /test","dd":{"trace_id":"3762977861946305827","span_id":"1548182446400279694"}}
{"level":"info","message":"A request was received for endpoint /","dd":{"trace_id":"3717241788107651195","span_id":"5654766603793024490"}}
{"level":"info","message":"A request was received for endpoint /test","dd":{"trace_id":"6143140869842555569","span_id":"8436332552340639638"}}
{"level":"info","message":"A request was received for endpoint /","dd":{"trace_id":"5059980126470652457","span_id":"4880259726728035366"}}
{"message":"Listening on 3001!","level":"info"}
{"level":"info","message":"A request was received for endpoint /test","dd":{"trace_id":"5483442370937099535","span_id":"3697145724866513262"}}
{"level":"info","message":"A request was received for endpoint /","dd":{"trace_id":"4610795964802853004","span_id":"6852573360240523327"}}
{"level":"info","message":"A request was received for endpoint /test","dd":{"trace_id":"521893082000703543","span_id":"3321701172386870125"}}
{"level":"info","message":"A request was received for endpoint /","dd":{"trace_id":"4303092502271062683","span_id":"6834625071133885500"}}
{"level":"info","message":"A request was received for endpoint /test","dd":{"trace_id":"1669247160702415217","span_id":"57176065898087496"}}
{"level":"info","message":"A request was received for endpoint /","dd":{"trace_id":"706574089223135108","span_id":"6759015955730653294"}}
{"level":"info","message":"A request was received for endpoint /test","dd":{"trace_id":"8468801065628229941","span_id":"632981878060281031"}}
{"level":"info","message":"A request was received for endpoint /","dd":{"trace_id":"1040636224637089498","span_id":"1608329484284989037"}}
{"level":"info","message":"A request was received for endpoint /test","dd":{"trace_id":"275013388484617095","span_id":"3470013913275226697"}}
{"level":"info","message":"A request was received for endpoint /","dd":{"trace_id":"9087441934084227175","span_id":"2263414728999468544"}}
{"level":"info","message":"A request was received for endpoint /test","dd":{"trace_id":"3953592279768819048","span_id":"7209917636764015442"}}
{"level":"info","message":"A request was received for endpoint /","dd":{"trace_id":"2092573962145026504","span_id":"3039460256907550973"}}
{"level":"info","message":"A request was received for endpoint /test","dd":{"trace_id":"6495255063744822324","span_id":"5270833883720466106"}}
{"level":"info","message":"A request was received for endpoint /","dd":{"trace_id":"1485862161153229305","span_id":"6849924395291659932"}}
{"message":"Listening on 3001!","level":"info"}
{"level":"info","message":"A request was received for endpoint /","dd":{"trace_id":"3214078573871269891","span_id":"6859468338871058705"}}
{"level":"info","message":"A request was received for endpoint /test","dd":{"trace_id":"4246239791566424573","span_id":"5250487237100116064"}}
{"level":"info","message":"A request was received for endpoint /","dd":{"trace_id":"6789629776659303840","span_id":"6625925766609838003"}}
{"level":"info","message":"A request was received for endpoint /test","dd":{"trace_id":"7032607013450230079","span_id":"1572614671507702052"}}
{"level":"info","message":"A request was received for endpoint /","dd":{"trace_id":"3637465528721744757","span_id":"8616326397239738067"}}
{"level":"info","message":"A request was received for endpoint /test","dd":{"trace_id":"7271263456795612550","span_id":"2210048797568865362"}}
{"level":"info","message":"A request was received for endpoint /","dd":{"trace_id":"9063317645085783012","span_id":"2274112729215047542"}}
{"level":"info","message":"A request was received for endpoint /test","dd":{"trace_id":"3428641367706258509","span_id":"2811124772880270462"}}
{"level":"info","message":"A request was received for endpoint /","dd":{"trace_id":"3761519522147749613","span_id":"45515424933439420"}}
{"level":"info","message":"A request was received for endpoint /test","dd":{"trace_id":"3043052053039106495","span_id":"5339784538514421922"}}
{"level":"info","message":"A request was received for endpoint /","dd":{"trace_id":"4126653441504965990","span_id":"2388350489174323450"}}
{"level":"info","message":"A request was received for endpoint /test","dd":{"trace_id":"4829708316616839985","span_id":"1375307561973664297"}}
{"level":"info","message":"A request was received for endpoint /","dd":{"trace_id":"1875755164445887122","span_id":"3239236741203810033"}}
{"level":"info","message":"A request was received for endpoint /test","dd":{"trace_id":"7297989664580390682","span_id":"7888942856562159867"}}
{"level":"info","message":"A request was received for endpoint /","dd":{"trace_id":"6798628678658604589","span_id":"4615886749762434643"}}
{"level":"info","message":"A request was received for endpoint /test","dd":{"trace_id":"4746771218046309740","span_id":"2482352152682654650"}}
{"level":"info","message":"A request was received for endpoint /","dd":{"trace_id":"6554934695160146034","span_id":"8128972570520260284"}}
{"level":"info","message":"A request was received for endpoint /test","dd":{"trace_id":"8435791952447829412","span_id":"9203329027344219438"}}
{"level":"info","message":"A request was received for endpoint /","dd":{"trace_id":"1294214311140687239","span_id":"8085295813675641386"}}
{"level":"info","message":"A request was received for endpoint /test","dd":{"trace_id":"8974774062083053508","span_id":"7131349886536876872"}}
{"level":"info","message":"A request was received for endpoint /","dd":{"trace_id":"4255465603867704004","span_id":"8410466589072829694"}}
{"level":"info","message":"A request was received for endpoint /test","dd":{"trace_id":"1378709270103403263","span_id":"2523504873161033171"}}
{"level":"info","message":"A request was received for endpoint /","dd":{"trace_id":"3797577221191459640","span_id":"8973633067275229068"}}
{"level":"info","message":"A request was received for endpoint /test","dd":{"trace_id":"4924545654819016330","span_id":"3986386706560235266"}}
{"message":"Listening on 3001!","level":"info"}
{"level":"info","message":"A request was received for endpoint /","dd":{"trace_id":"5444905650687741267","span_id":"8461857791538449914"}}
{"level":"info","message":"A request was received for endpoint /test","dd":{"trace_id":"7907239153656564233","span_id":"4135622960696276761"}}
{"level":"info","message":"A request was received for endpoint /","dd":{"trace_id":"5130929679102910452","span_id":"5711522883709082962"}}
{"level":"info","message":"A request was received for endpoint /test","dd":{"trace_id":"3789800397746590092","span_id":"6772733133383128576"}}
{"level":"info","message":"A request was received for endpoint /","dd":{"trace_id":"1376396088750651241","span_id":"5344302254864803903"}}
{"level":"info","message":"A request was received for endpoint /test","dd":{"trace_id":"4495261198623775626","span_id":"1498395523041304440"}}
{"level":"info","message":"A request was received for endpoint /","dd":{"trace_id":"6201386005508641885","span_id":"6657016062742643681"}}
{"level":"info","message":"A request was received for endpoint /test","dd":{"trace_id":"651827707492464278","span_id":"6780485100264750309"}}
{"level":"info","message":"A request was received for endpoint /","dd":{"trace_id":"8963226543306650510","span_id":"6285625909049108448"}}
{"level":"info","message":"A request was received for endpoint /test","dd":{"trace_id":"8337944170556757498","span_id":"3256594873690058150"}}
{"level":"info","message":"A request was received for endpoint /","dd":{"trace_id":"4277364280271495388","span_id":"1833120980250953073"}}
{"message":"Listening on 3001!","level":"info"}
{"level":"info","message":"A request was received for endpoint /test","dd":{"trace_id":"5082810107498151126","span_id":"5195283335235708414"}}
{"level":"info","message":"A request was received for endpoint /","dd":{"trace_id":"595882032952276196","span_id":"8287577915535514278"}}
{"level":"info","message":"A request was received for endpoint /test","dd":{"trace_id":"256467034118647038","span_id":"4036169233906385618"}}
{"level":"info","message":"A request was received for endpoint /","dd":{"trace_id":"4025350064924387151","span_id":"223190604166728684"}}
{"level":"info","message":"A request was received for endpoint /test","dd":{"trace_id":"1358794510993362545","span_id":"7461995404029420987"}}
{"level":"info","message":"A request was received for endpoint /","dd":{"trace_id":"9134939857939509216","span_id":"4422855669688995396"}}
{"level":"info","message":"A request was received for endpoint /test","dd":{"trace_id":"1902596782390194707","span_id":"3752878482717784298"}}
{"message":"Listening on 3001!","level":"info"}
{"level":"info","message":"A request was received for endpoint /test","dd":{"trace_id":"5445492062560860119","span_id":"6765931226923189860"}}
{"level":"info","message":"A request was received for endpoint /","dd":{"trace_id":"7128658755381194167","span_id":"5440229168572501347"}}
{"level":"info","message":"A request was received for endpoint /test","dd":{"trace_id":"2766743574445720813","span_id":"5595658418457911014"}}
{"level":"info","message":"A request was received for endpoint /","dd":{"trace_id":"6884103407584407942","span_id":"7503404758658343742"}}
{"level":"info","message":"A request was received for endpoint /test","dd":{"trace_id":"1165135208584091107","span_id":"4853667800900553841"}}
{"level":"info","message":"A request was received for endpoint /","dd":{"trace_id":"3570337591220135727","span_id":"6130217919449481407"}}
{"message":"Listening on 3001!","level":"info"}
{"level":"info","message":"A request was received for endpoint /","dd":{"trace_id":"1855271474114704634","span_id":"2888090302300387817"}}
{"level":"info","message":"A request was received for endpoint /test","dd":{"trace_id":"7346690877393337151","span_id":"8825908526230832046"}}
{"level":"info","message":"A request was received for endpoint /","dd":{"trace_id":"2620842859497719139","span_id":"422471964206469341"}}
{"level":"info","message":"A request was received for endpoint /test","dd":{"trace_id":"7298005701906659339","span_id":"1214805483855763644"}}
{"level":"info","message":"A request was received for endpoint /","dd":{"trace_id":"2330214499047516909","span_id":"514781202245092786"}}
{"level":"info","message":"A request was received for endpoint /test","dd":{"trace_id":"1171713513854801927","span_id":"2896128231621846461"}}
{"level":"info","message":"A request was received for endpoint /","dd":{"trace_id":"7274856052678010674","span_id":"5141353488547003405"}}
{"level":"info","message":"A request was received for endpoint /test","dd":{"trace_id":"4870575942369695141","span_id":"5095924391991072455"}}
{"level":"info","message":"A request was received for endpoint /","dd":{"trace_id":"6292596001828148551","span_id":"1014913467791573204"}}
{"level":"info","message":"A request was received for endpoint /test","dd":{"trace_id":"7600513580737723540","span_id":"8691225302461021818"}}
{"level":"info","message":"A request was received for endpoint /","dd":{"trace_id":"4457231851038738563","span_id":"2103065991593465447"}}
{"level":"info","message":"A request was received for endpoint /test","dd":{"trace_id":"3957844207538360480","span_id":"628705536042837768"}}
{"level":"info","message":"A request was received for endpoint /","dd":{"trace_id":"7100132210314564745","span_id":"1389691059055289203"}}
{"level":"info","message":"A request was received for endpoint /test","dd":{"trace_id":"2738278866498713770","span_id":"5203250950880417623"}}
{"level":"info","message":"A request was received for endpoint /","dd":{"trace_id":"1334086484477308469","span_id":"5415317565096632524"}}
{"level":"info","message":"A request was received for endpoint /test","dd":{"trace_id":"8070780438889755699","span_id":"6337629395432290320"}}
{"level":"info","message":"A request was received for endpoint /","dd":{"trace_id":"8994919141477395429","span_id":"2195320280878770154"}}
{"level":"info","message":"A request was received for endpoint /test","dd":{"trace_id":"6352035312348125617","span_id":"3525856604546826795"}}
{"level":"info","message":"A request was received for endpoint /","dd":{"trace_id":"5459476760887978004","span_id":"3704998745018363910"}}
{"level":"info","message":"A request was received for endpoint /test","dd":{"trace_id":"6369676689440423628","span_id":"7822403849759563306"}}
{"level":"info","message":"A request was received for endpoint /","dd":{"trace_id":"6307977611379533711","span_id":"412276572805197108"}}
{"level":"info","message":"A request was received for endpoint /test","dd":{"trace_id":"5850261429476952562","span_id":"4988897416234165589"}}
{"level":"info","message":"A request was received for endpoint /","dd":{"trace_id":"1151183567550999876","span_id":"598218068023343524"}}
{"level":"info","message":"A request was received for endpoint /test","dd":{"trace_id":"8926847714459307418","span_id":"191238079774799624"}}
{"level":"info","message":"A request was received for endpoint /","dd":{"trace_id":"5143706670399216463","span_id":"9086418642158127930"}}
{"level":"info","message":"A request was received for endpoint /test","dd":{"trace_id":"1810302822220199898","span_id":"3247741672968146182"}}
{"level":"info","message":"A request was received for endpoint /","dd":{"trace_id":"7758716253869904757","span_id":"3606287127534109342"}}
{"level":"info","message":"A request was received for endpoint /test","dd":{"trace_id":"4890509142399578365","span_id":"1256693135996749509"}}
{"level":"info","message":"A request was received for endpoint /","dd":{"trace_id":"2568321748918651672","span_id":"7613441886066121297"}}
{"level":"info","message":"A request was received for endpoint /test","dd":{"trace_id":"9157667825322045346","span_id":"6991811567454984631"}}
{"level":"info","message":"A request was received for endpoint /","dd":{"trace_id":"8472519938032013043","span_id":"2154809319487047317"}}
{"level":"info","message":"A request was received for endpoint /test","dd":{"trace_id":"997983053943429250","span_id":"7937141214978085865"}}
{"level":"info","message":"A request was received for endpoint /","dd":{"trace_id":"522027199224424806","span_id":"7242330984899028926"}}
{"message":"Listening on 3001!","level":"info"}
{"level":"info","message":"A request was received for endpoint /test","dd":{"trace_id":"5601943551170756839","span_id":"7928009291969166602"}}
{"level":"info","message":"A request was received for endpoint /","dd":{"trace_id":"1804346807539063680","span_id":"7968904462608734058"}}
{"level":"info","message":"A request was received for endpoint /test","dd":{"trace_id":"5411526490139967073","span_id":"7445477216142623076"}}
{"level":"info","message":"A request was received for endpoint /","dd":{"trace_id":"3554702571254035743","span_id":"742408686238675137"}}
{"level":"info","message":"A request was received for endpoint /test","dd":{"trace_id":"6252275766007110866","span_id":"3006661030039176723"}}
{"level":"info","message":"A request was received for endpoint /","dd":{"trace_id":"728088235331634274","span_id":"5257131842667618267"}}
{"level":"info","message":"A request was received for endpoint /test","dd":{"trace_id":"2102334750920401938","span_id":"1076192070116505961"}}
{"level":"info","message":"A request was received for endpoint /","dd":{"trace_id":"8080972455314736935","span_id":"8103709980167804993"}}
{"level":"info","message":"A request was received for endpoint /test","dd":{"trace_id":"5007252516597866791","span_id":"6128877926656330901"}}
{"level":"info","message":"A request was received for endpoint /","dd":{"trace_id":"7993060298615448287","span_id":"3713810620444024906"}}
{"level":"info","message":"A request was received for endpoint /test","dd":{"trace_id":"2569104474840698833","span_id":"5971058563567369775"}}
{"level":"info","message":"A request was received for endpoint /","dd":{"trace_id":"3704241557419635506","span_id":"346995844656150388"}}
{"level":"info","message":"A request was received for endpoint /test","dd":{"trace_id":"7006990656405157755","span_id":"4138523456074324516"}}
{"level":"info","message":"A request was received for endpoint /","dd":{"trace_id":"85632123320071654","span_id":"8901618551205201690"}}
{"level":"info","message":"A request was received for endpoint /test","dd":{"trace_id":"38244067511898401","span_id":"6785934658230952931"}}
{"level":"info","message":"A request was received for endpoint /","dd":{"trace_id":"2634795867851073893","span_id":"7349791612805429415"}}
{"level":"info","message":"A request was received for endpoint /test","dd":{"trace_id":"2153957967090218433","span_id":"5900067776205570598"}}
{"level":"info","message":"A request was received for endpoint /","dd":{"trace_id":"1364968666752900285","span_id":"1814024887585536567"}}
{"level":"info","message":"A request was received for endpoint /test","dd":{"trace_id":"1874762741806886383","span_id":"7337092328088143986"}}
{"level":"info","message":"A request was received for endpoint /","dd":{"trace_id":"2530983992045300493","span_id":"1953006404190575491"}}
